\BOOKMARK [0][-]{chapter.1}{\376\377\000I\000n\000t\000r\000o\000d\000u\000c\000t\000i\000o\000n\000\040}{}% 1
\BOOKMARK [1][-]{section.1.1}{\376\377\000C\000o\000n\000t\000e\000x\000t\000\040\000a\000n\000d\000\040\000o\000b\000j\000e\000c\000t\000i\000f\000s}{chapter.1}% 2
\BOOKMARK [1][-]{section.1.2}{\376\377\000S\000t\000a\000t\000e\000\040\000o\000f\000\040\000t\000h\000e\000\040\000a\000r\000t}{chapter.1}% 3
\BOOKMARK [1][-]{section.1.3}{\376\377\000C\000o\000n\000t\000r\000i\000b\000u\000t\000i\000o\000n}{chapter.1}% 4
\BOOKMARK [1][-]{section.1.4}{\376\377\000R\000e\000p\000o\000r\000t\000\040\000S\000t\000r\000u\000c\000t\000u\000r\000e}{chapter.1}% 5
\BOOKMARK [0][-]{chapter.2}{\376\377\000C\000o\000n\000c\000e\000p\000t\000s}{}% 6
\BOOKMARK [1][-]{section.2.1}{\376\377\000N\000e\000u\000r\000a\000l\000\040\000n\000e\000t\000w\000o\000r\000k\000s}{chapter.2}% 7
\BOOKMARK [1][-]{section.2.2}{\376\377\000P\000a\000r\000t\000i\000a\000l\000\040\000D\000i\000f\000f\000e\000r\000e\000n\000t\000i\000a\000l\000\040\000E\000q\000u\000a\000t\000i\000o\000n}{chapter.2}% 8
\BOOKMARK [1][-]{section.2.3}{\376\377\000F\000i\000n\000d\000\040\000A}{chapter.2}% 9
\BOOKMARK [2][-]{subsection.2.3.1}{\376\377\000F\000u\000n\000c\000t\000i\000o\000n\000\040\0001}{section.2.3}% 10
\BOOKMARK [2][-]{subsection.2.3.2}{\376\377\000F\000u\000n\000c\000t\000i\000o\000n\000\040\0002}{section.2.3}% 11
\BOOKMARK [1][-]{section.2.4}{\376\377\000F\000i\000n\000d\000\040\000F}{chapter.2}% 12
\BOOKMARK [2][-]{subsection.2.4.1}{\376\377\000C\000a\000s\000e\000\040\0001\000D}{section.2.4}% 13
\BOOKMARK [2][-]{subsection.2.4.2}{\376\377\000C\000a\000s\000e\000\040\0002\000D}{section.2.4}% 14
\BOOKMARK [0][-]{chapter.3}{\376\377\000P\000D\000E\000s\000\040\000u\000s\000i\000n\000g\000\040\000n\000e\000u\000r\000a\000l\000\040\000n\000e\000t\000w\000o\000r\000k\000s}{}% 15
\BOOKMARK [1][-]{section.3.1}{\376\377\000H\000y\000p\000e\000r\000p\000a\000r\000a\000m\000e\000t\000e\000r\000s}{chapter.3}% 16
\BOOKMARK [1][-]{section.3.2}{\376\377\000P\000s\000e\000u\000d\000o\000-\000c\000o\000d\000e}{chapter.3}% 17
\BOOKMARK [1][-]{section.3.3}{\376\377\000A\000c\000t\000i\000v\000a\000t\000i\000o\000n\000\040\000f\000u\000n\000c\000t\000i\000o\000n\000s}{chapter.3}% 18
\BOOKMARK [1][-]{section.3.4}{\376\377\000P\000D\000E\000\040\000e\000x\000a\000m\000p\000l\000e}{chapter.3}% 19
\BOOKMARK [1][-]{section.3.5}{\376\377\000J\000a\000x\000\040\000a\000p\000p\000r\000o\000a\000c\000h}{chapter.3}% 20
\BOOKMARK [2][-]{subsection.3.5.1}{\376\377\000J\000a\000x\000\040\000l\000i\000b\000r\000a\000r\000y}{section.3.5}% 21
\BOOKMARK [2][-]{subsection.3.5.2}{\376\377\000S\000o\000l\000v\000i\000n\000g\000\040\000w\000i\000t\000h\000\040\000h\000y\000p\000e\000r\000b\000o\000l\000i\000c\000\040\000t\000a\000n\000g\000e\000n\000t}{section.3.5}% 22
\BOOKMARK [2][-]{subsection.3.5.3}{\376\377\000S\000o\000l\000v\000i\000n\000g\000\040\000w\000i\000t\000h\000\040\000s\000i\000g\000m\000o\000i\000d}{section.3.5}% 23
\BOOKMARK [2][-]{subsection.3.5.4}{\376\377\000S\000o\000l\000v\000i\000n\000g\000\040\000w\000i\000t\000h\000\040\000e\000l\000u}{section.3.5}% 24
\BOOKMARK [2][-]{subsection.3.5.5}{\376\377\000A\000n\000a\000l\000y\000s\000i\000s}{section.3.5}% 25
\BOOKMARK [1][-]{section.3.6}{\376\377\000T\000e\000n\000s\000o\000r\000F\000l\000o\000w\000\040\000a\000p\000p\000r\000o\000a\000c\000h}{chapter.3}% 26
\BOOKMARK [2][-]{subsection.3.6.1}{\376\377\000T\000e\000n\000s\000o\000r\000F\000l\000o\000w\000\040\000l\000i\000b\000r\000a\000r\000y}{section.3.6}% 27
\BOOKMARK [2][-]{subsection.3.6.2}{\376\377\000S\000o\000l\000v\000i\000n\000g\000\040\000w\000i\000t\000h\000\040\000h\000y\000p\000e\000r\000b\000o\000l\000i\000c\000\040\000t\000a\000n\000g\000e\000n\000t}{section.3.6}% 28
\BOOKMARK [2][-]{subsection.3.6.3}{\376\377\000S\000o\000l\000v\000i\000n\000g\000\040\000w\000i\000t\000h\000\040\000s\000i\000g\000m\000o\000i\000d}{section.3.6}% 29
\BOOKMARK [2][-]{subsection.3.6.4}{\376\377\000S\000o\000l\000v\000i\000n\000g\000\040\000w\000i\000t\000h\000\040\000e\000l\000u}{section.3.6}% 30
\BOOKMARK [2][-]{subsection.3.6.5}{\376\377\000A\000n\000a\000l\000y\000s\000i\000s}{section.3.6}% 31
\BOOKMARK [1][-]{section.3.7}{\376\377\000P\000y\000T\000o\000r\000c\000h\000\040\000a\000p\000p\000r\000o\000a\000c\000h}{chapter.3}% 32
\BOOKMARK [2][-]{subsection.3.7.1}{\376\377\000P\000y\000T\000o\000r\000c\000h\000\040\000l\000i\000b\000r\000a\000r\000y}{section.3.7}% 33
\BOOKMARK [2][-]{subsection.3.7.2}{\376\377\000S\000o\000l\000v\000i\000n\000g\000\040\000w\000i\000t\000h\000\040\000h\000y\000p\000e\000r\000b\000o\000l\000i\000c\000\040\000t\000a\000n\000g\000e\000n\000t}{section.3.7}% 34
\BOOKMARK [2][-]{subsection.3.7.3}{\376\377\000S\000o\000l\000v\000i\000n\000g\000\040\000w\000i\000t\000h\000\040\000s\000i\000g\000m\000o\000i\000d}{section.3.7}% 35
\BOOKMARK [2][-]{subsection.3.7.4}{\376\377\000S\000o\000l\000v\000i\000n\000g\000\040\000w\000i\000t\000h\000\040\000e\000l\000u}{section.3.7}% 36
\BOOKMARK [2][-]{subsection.3.7.5}{\376\377\000A\000n\000a\000l\000y\000s\000i\000s}{section.3.7}% 37
\BOOKMARK [0][-]{chapter.4}{\376\377\000M\000o\000d\000e\000l}{}% 38
\BOOKMARK [1][-]{section.4.1}{\376\377\000A\000r\000c\000a\000c\000h\000o\000n\000\040\000b\000a\000s\000i\000n}{chapter.4}% 39
\BOOKMARK [1][-]{section.4.2}{\376\377\000O\000u\000r\000\040\000a\000p\000p\000r\000o\000a\000c\000h}{chapter.4}% 40
\BOOKMARK [1][-]{section.4.3}{\376\377\000P\000a\000r\000a\000l\000l\000e\000l\000\040\000p\000r\000o\000c\000e\000s\000s\000i\000n\000g}{chapter.4}% 41
\BOOKMARK [1][-]{section.4.4}{\376\377\000M\000i\000l\000d\000\040\000s\000l\000o\000p\000e\000\040\000e\000q\000u\000a\000t\000i\000o\000n}{chapter.4}% 42
\BOOKMARK [0][-]{chapter.5}{\376\377\000S\000i\000m\000u\000l\000a\000t\000i\000o\000n}{}% 43
\BOOKMARK [0][-]{chapter.6}{\376\377\000D\000i\000s\000c\000u\000s\000s\000i\000o\000n\000\040\000o\000f\000\040\000t\000h\000e\000\040\000r\000e\000s\000u\000l\000t\000s}{}% 44
\BOOKMARK [0][-]{chapter.7}{\376\377\000C\000o\000n\000c\000l\000u\000s\000i\000o\000n}{}% 45
\BOOKMARK [1][-]{section.7.1}{\376\377\000C\000o\000n\000c\000l\000u\000s\000i\000o\000n}{chapter.7}% 46
\BOOKMARK [1][-]{section.7.2}{\376\377\000P\000e\000r\000s\000p\000e\000c\000t\000i\000v\000e\000s\000\040\000f\000o\000r\000\040\000n\000e\000w\000\040\000w\000o\000r\000k\000s\000\040\000a\000n\000d\000\040\000f\000u\000t\000u\000r\000e\000\040\000i\000m\000p\000r\000o\000v\000e\000m\000e\000n\000t\000s}{chapter.7}% 47
\BOOKMARK [-1][-]{chapter*.8}{\376\377\000B\000i\000b\000l\000i\000o\000g\000r\000a\000p\000h\000y}{}% 48
