This is pdfTeX, Version 3.141592653-2.6-1.40.22 (TeX Live 2022/dev/Debian) (preloaded format=pdflatex 2022.6.24)  28 JUN 2022 00:07
entering extended mode
 restricted \write18 enabled.
 file:line:error style messages enabled.
 %&-line parsing enabled.
**Tsunami_report
(./Tsunami_report.tex
LaTeX2e <2021-11-15> patch level 1
L3 programming layer <2022-01-21> (./rapportCS.cls (/usr/share/texlive/texmf-dist/tex/latex/base/report.cls
Document Class: report 2021/10/04 v1.4n Standard LaTeX document class
(/usr/share/texlive/texmf-dist/tex/latex/base/size12.clo
File: size12.clo 2021/10/04 v1.4n Standard LaTeX file (size option)
)
\c@part=\count185
\c@chapter=\count186
\c@section=\count187
\c@subsection=\count188
\c@subsubsection=\count189
\c@paragraph=\count190
\c@subparagraph=\count191
\c@figure=\count192
\c@table=\count193
\abovecaptionskip=\skip47
\belowcaptionskip=\skip48
\bibindent=\dimen138
) (/usr/share/texlive/texmf-dist/tex/generic/babel/babel.sty
Package: babel 2022/01/26 3.70 The Babel package
\babel@savecnt=\count194
\U@D=\dimen139
\l@unhyphenated=\language87
 (/usr/share/texlive/texmf-dist/tex/generic/babel/txtbabel.def)
\bbl@readstream=\read2
\bbl@dirlevel=\count195
 (/usr/share/texlive/texmf-dist/tex/generic/babel-english/english.ldf
Language: english 2017/06/06 v3.3r English support from the babel system
Package babel Info: Hyphen rules for 'canadian' set to \l@english
(babel)             (\language0). Reported on input line 102.
Package babel Info: Hyphen rules for 'australian' set to \l@ukenglish
(babel)             (\language73). Reported on input line 105.
Package babel Info: Hyphen rules for 'newzealand' set to \l@ukenglish
(babel)             (\language73). Reported on input line 108.
)) (/usr/share/texlive/texmf-dist/tex/latex/base/inputenc.sty
Package: inputenc 2021/02/14 v1.3d Input encoding file
\inpenc@prehook=\toks16
\inpenc@posthook=\toks17
) (/usr/share/texlive/texmf-dist/tex/latex/placeins/placeins.sty
Package: placeins 2005/04/18  v 2.2
) (/usr/share/texlive/texmf-dist/tex/latex/base/fontenc.sty
Package: fontenc 2021/04/29 v2.0v Standard LaTeX package
) (/usr/share/texlive/texmf-dist/tex/latex/mathtools/mathtools.sty
Package: mathtools 2021/02/02 v1.28 mathematical typesetting tools
 (/usr/share/texlive/texmf-dist/tex/latex/graphics/keyval.sty
Package: keyval 2014/10/28 v1.15 key=value parser (DPC)
\KV@toks@=\toks18
) (/usr/share/texlive/texmf-dist/tex/latex/tools/calc.sty
Package: calc 2017/05/25 v4.3 Infix arithmetic (KKT,FJ)
\calc@Acount=\count196
\calc@Bcount=\count197
\calc@Adimen=\dimen140
\calc@Bdimen=\dimen141
\calc@Askip=\skip49
\calc@Bskip=\skip50
LaTeX Info: Redefining \setlength on input line 80.
LaTeX Info: Redefining \addtolength on input line 81.
\calc@Ccount=\count198
\calc@Cskip=\skip51
) (/usr/share/texlive/texmf-dist/tex/latex/mathtools/mhsetup.sty
Package: mhsetup 2021/03/18 v1.4 programming setup (MH)
) (/usr/share/texlive/texmf-dist/tex/latex/amsmath/amsmath.sty
Package: amsmath 2021/10/15 v2.17l AMS math features
\@mathmargin=\skip52

For additional information on amsmath, use the `?' option.
(/usr/share/texlive/texmf-dist/tex/latex/amsmath/amstext.sty
Package: amstext 2021/08/26 v2.01 AMS text
 (/usr/share/texlive/texmf-dist/tex/latex/amsmath/amsgen.sty
File: amsgen.sty 1999/11/30 v2.0 generic functions
\@emptytoks=\toks19
\ex@=\dimen142
)) (/usr/share/texlive/texmf-dist/tex/latex/amsmath/amsbsy.sty
Package: amsbsy 1999/11/29 v1.2d Bold Symbols
\pmbraise@=\dimen143
) (/usr/share/texlive/texmf-dist/tex/latex/amsmath/amsopn.sty
Package: amsopn 2021/08/26 v2.02 operator names
)
\inf@bad=\count199
LaTeX Info: Redefining \frac on input line 234.
\uproot@=\count266
\leftroot@=\count267
LaTeX Info: Redefining \overline on input line 399.
\classnum@=\count268
\DOTSCASE@=\count269
LaTeX Info: Redefining \ldots on input line 496.
LaTeX Info: Redefining \dots on input line 499.
LaTeX Info: Redefining \cdots on input line 620.
\Mathstrutbox@=\box50
\strutbox@=\box51
\big@size=\dimen144
LaTeX Font Info:    Redeclaring font encoding OML on input line 743.
LaTeX Font Info:    Redeclaring font encoding OMS on input line 744.
\macc@depth=\count270
\c@MaxMatrixCols=\count271
\dotsspace@=\muskip16
\c@parentequation=\count272
\dspbrk@lvl=\count273
\tag@help=\toks20
\row@=\count274
\column@=\count275
\maxfields@=\count276
\andhelp@=\toks21
\eqnshift@=\dimen145
\alignsep@=\dimen146
\tagshift@=\dimen147
\tagwidth@=\dimen148
\totwidth@=\dimen149
\lineht@=\dimen150
\@envbody=\toks22
\multlinegap=\skip53
\multlinetaggap=\skip54
\mathdisplay@stack=\toks23
LaTeX Info: Redefining \[ on input line 2938.
LaTeX Info: Redefining \] on input line 2939.
)
\g_MT_multlinerow_int=\count277
\l_MT_multwidth_dim=\dimen151
\origjot=\skip55
\l_MT_shortvdotswithinadjustabove_dim=\dimen152
\l_MT_shortvdotswithinadjustbelow_dim=\dimen153
\l_MT_above_intertext_sep=\dimen154
\l_MT_below_intertext_sep=\dimen155
\l_MT_above_shortintertext_sep=\dimen156
\l_MT_below_shortintertext_sep=\dimen157
\xmathstrut@box=\box52
\xmathstrut@dim=\dimen158
) (/usr/share/texlive/texmf-dist/tex/latex/siunitx/siunitx.sty
Package: siunitx 2022-02-02 v3.0.46 A comprehensive (SI) units package
\l__siunitx_angle_tmp_dim=\dimen159
\l__siunitx_angle_marker_box=\box53
\l__siunitx_angle_unit_box=\box54
\l__siunitx_compound_count_int=\count278
 (/usr/share/texlive/texmf-dist/tex/latex/translations/translations.sty
Package: translations 2022/01/04 v1.11 internationalization of LaTeX2e packages (CN)
 (/usr/share/texlive/texmf-dist/tex/latex/etoolbox/etoolbox.sty
Package: etoolbox 2020/10/05 v2.5k e-TeX tools for LaTeX (JAW)
\etb@tempcnta=\count279
) (/usr/share/texlive/texmf-dist/tex/generic/pdftexcmds/pdftexcmds.sty
Package: pdftexcmds 2020-06-27 v0.33 Utility functions of pdfTeX for LuaTeX (HO)
 (/usr/share/texlive/texmf-dist/tex/generic/infwarerr/infwarerr.sty
Package: infwarerr 2019/12/03 v1.5 Providing info/warning/error messages (HO)
) (/usr/share/texlive/texmf-dist/tex/generic/iftex/iftex.sty
Package: iftex 2020/03/06 v1.0d TeX engine tests
) (/usr/share/texlive/texmf-dist/tex/generic/ltxcmds/ltxcmds.sty
Package: ltxcmds 2020-05-10 v1.25 LaTeX kernel commands for general use (HO)
)
Package pdftexcmds Info: \pdf@primitive is available.
Package pdftexcmds Info: \pdf@ifprimitive is available.
Package pdftexcmds Info: \pdfdraftmode found.
))
\l__siunitx_number_exponent_fixed_int=\count280
\l__siunitx_number_min_decimal_int=\count281
\l__siunitx_number_min_integer_int=\count282
\l__siunitx_number_round_precision_int=\count283
\l__siunitx_number_group_minimum_int=\count284
\l__siunitx_table_tmp_box=\box55
\l__siunitx_table_tmp_dim=\dimen160
\l__siunitx_table_column_width_dim=\dimen161
\l__siunitx_table_integer_box=\box56
\l__siunitx_table_decimal_box=\box57
\l__siunitx_table_before_box=\box58
\l__siunitx_table_after_box=\box59
\l__siunitx_table_before_dim=\dimen162
\l__siunitx_table_carry_dim=\dimen163
\l__siunitx_unit_tmp_int=\count285
\l__siunitx_unit_position_int=\count286
\l__siunitx_unit_total_int=\count287
 (/usr/share/texlive/texmf-dist/tex/latex/l3packages/l3keys2e/l3keys2e.sty (/usr/share/texlive/texmf-dist/tex/latex/l3kernel/expl3.sty
Package: expl3 2022-01-21 L3 programming layer (loader) 
 (/usr/share/texlive/texmf-dist/tex/latex/l3backend/l3backend-pdftex.def
File: l3backend-pdftex.def 2022-01-12 L3 backend support: PDF output (pdfTeX)
\l__color_backend_stack_int=\count288
\l__pdf_internal_box=\box60
))
Package: l3keys2e 2022-01-12 LaTeX2e option processing using LaTeX3 keys
) (/usr/share/texlive/texmf-dist/tex/latex/tools/array.sty
Package: array 2021/10/04 v2.5f Tabular extension package (FMi)
\col@sep=\dimen164
\ar@mcellbox=\box61
\extrarowheight=\dimen165
\NC@list=\toks24
\extratabsurround=\skip56
\backup@length=\skip57
\ar@cellbox=\box62
)) (/usr/share/texlive/texmf-dist/tex/latex/float/float.sty
Package: float 2001/11/08 v1.3d Float enhancements (AL)
\c@float@type=\count289
\float@exts=\toks25
\float@box=\box63
\@float@everytoks=\toks26
\@floatcapt=\box64
) (/usr/share/texlive/texmf-dist/tex/latex/graphics/graphicx.sty
Package: graphicx 2021/09/16 v1.2d Enhanced LaTeX Graphics (DPC,SPQR)
 (/usr/share/texlive/texmf-dist/tex/latex/graphics/graphics.sty
Package: graphics 2021/03/04 v1.4d Standard LaTeX Graphics (DPC,SPQR)
 (/usr/share/texlive/texmf-dist/tex/latex/graphics/trig.sty
Package: trig 2021/08/11 v1.11 sin cos tan (DPC)
) (/usr/share/texlive/texmf-dist/tex/latex/graphics-cfg/graphics.cfg
File: graphics.cfg 2016/06/04 v1.11 sample graphics configuration
)
Package graphics Info: Driver file: pdftex.def on input line 107.
 (/usr/share/texlive/texmf-dist/tex/latex/graphics-def/pdftex.def
File: pdftex.def 2020/10/05 v1.2a Graphics/color driver for pdftex
))
\Gin@req@height=\dimen166
\Gin@req@width=\dimen167
) (/usr/share/texlive/texmf-dist/tex/latex/caption/caption.sty
Package: caption 2020/10/26 v3.5g Customizing captions (AR)
 (/usr/share/texlive/texmf-dist/tex/latex/caption/caption3.sty
Package: caption3 2020/10/21 v2.2e caption3 kernel (AR)
\captionmargin=\dimen168
\captionmargin@=\dimen169
\captionwidth=\dimen170
\caption@tempdima=\dimen171
\caption@indent=\dimen172
\caption@parindent=\dimen173
\caption@hangindent=\dimen174
Package caption Info: Standard document class detected.
)
\c@caption@flags=\count290
\c@continuedfloat=\count291
Package caption Info: float package is loaded.
) (/usr/share/texlive/texmf-dist/tex/latex/caption/subcaption.sty
Package: subcaption 2020/10/07 v1.3j Sub-captions (AR)
\c@subfigure=\count292
\c@subtable=\count293
) (/usr/share/texlive/texmf-dist/tex/latex/wallpaper/wallpaper.sty
Package: wallpaper 2005/01/18, v1.01 easy wallpaper formatting (MHFW)
 (/usr/share/texlive/texmf-dist/tex/latex/base/ifthen.sty
Package: ifthen 2020/11/24 v1.1c Standard LaTeX ifthen package (DPC)
) (/usr/share/texlive/texmf-dist/tex/latex/eso-pic/eso-pic.sty
Package: eso-pic 2020/10/14 v3.0a eso-pic (RN)
\ESO@tempdima=\dimen175
\ESO@tempdimb=\dimen176
 (/usr/share/texlive/texmf-dist/tex/latex/xcolor/xcolor.sty
Package: xcolor 2021/10/31 v2.13 LaTeX color extensions (UK)
 (/usr/share/texlive/texmf-dist/tex/latex/graphics-cfg/color.cfg
File: color.cfg 2016/01/02 v1.6 sample color configuration
)
Package xcolor Info: Driver file: pdftex.def on input line 227.
Package xcolor Info: Model `cmy' substituted by `cmy0' on input line 1352.
Package xcolor Info: Model `hsb' substituted by `rgb' on input line 1356.
Package xcolor Info: Model `RGB' extended on input line 1368.
Package xcolor Info: Model `HTML' substituted by `rgb' on input line 1370.
Package xcolor Info: Model `Hsb' substituted by `hsb' on input line 1371.
Package xcolor Info: Model `tHsb' substituted by `hsb' on input line 1372.
Package xcolor Info: Model `HSB' substituted by `hsb' on input line 1373.
Package xcolor Info: Model `Gray' substituted by `gray' on input line 1374.
Package xcolor Info: Model `wave' substituted by `hsb' on input line 1375.
))
\wpXoffset=\skip58
\wpYoffset=\skip59
\tileXoffset=\skip60
\tileYoffset=\skip61
\tilewidth=\skip62
\tileheight=\skip63
\tileX=\skip64
\tileY=\skip65
) (/usr/share/texlive/texmf-dist/tex/latex/nomencl/nomencl.sty
Package: nomencl 2021/11/10 v5.6 Nomenclature package
 (/usr/share/texlive/texmf-dist/tex/latex/xkeyval/xkeyval.sty
Package: xkeyval 2020/11/20 v2.8 package option processing (HA)
 (/usr/share/texlive/texmf-dist/tex/generic/xkeyval/xkeyval.tex (/usr/share/texlive/texmf-dist/tex/generic/xkeyval/xkvutils.tex
\XKV@toks=\toks27
\XKV@tempa@toks=\toks28
)
\XKV@depth=\count294
File: xkeyval.tex 2014/12/03 v2.7a key=value parser (HA)
)) (/usr/share/texlive/texmf-dist/tex/latex/koma-script/tocbasic.sty
Package: tocbasic 2021/11/13 v3.35 KOMA-Script package (handling toc-files)
 (/usr/share/texlive/texmf-dist/tex/latex/koma-script/scrbase.sty
Package: scrbase 2021/11/13 v3.35 KOMA-Script package (KOMA-Script-independent basics and keyval usage)
 (/usr/share/texlive/texmf-dist/tex/latex/koma-script/scrlfile.sty
Package: scrlfile 2021/11/13 v3.35 KOMA-Script package (file load hooks)
 (/usr/share/texlive/texmf-dist/tex/latex/koma-script/scrlfile-hook.sty
Package: scrlfile-hook 2021/11/13 v3.35 KOMA-Script package (using LaTeX hooks)
 (/usr/share/texlive/texmf-dist/tex/latex/koma-script/scrlogo.sty
Package: scrlogo 2021/11/13 v3.35 KOMA-Script package (logo)
)))
Applying: [2021/05/01] Usage of raw or classic option list on input line 252.
Already applied: [0000/00/00] Usage of raw or classic option list on input line 368.
)
\scr@dte@tocline@numberwidth=\skip66
\scr@dte@tocline@numbox=\box65
)
Package tocbasic Info: setting babel extension for `nlo' on input line 187.
Package tocbasic Info: setting babel extension for `nls' on input line 188.
\nomlabelwidth=\dimen177
\nom@tempdim=\dimen178
\nomitemsep=\skip67
) (/usr/share/texlive/texmf-dist/tex/latex/fancyhdr/fancyhdr.sty
Package: fancyhdr 2021/01/28 v4.0.1 Extensive control of page headers and footers
\f@nch@headwidth=\skip68
\f@nch@O@elh=\skip69
\f@nch@O@erh=\skip70
\f@nch@O@olh=\skip71
\f@nch@O@orh=\skip72
\f@nch@O@elf=\skip73
\f@nch@O@erf=\skip74
\f@nch@O@olf=\skip75
\f@nch@O@orf=\skip76
) (/usr/share/texlive/texmf-dist/tex/latex/url/url.sty
\Urlmuskip=\muskip17
Package: url 2013/09/16  ver 3.4  Verb mode for urls, etc.
) (/usr/share/texlive/texmf-dist/tex/latex/hyperref/hyperref.sty
Package: hyperref 2021-06-07 v7.00m Hypertext links for LaTeX
 (/usr/share/texlive/texmf-dist/tex/generic/kvsetkeys/kvsetkeys.sty
Package: kvsetkeys 2019/12/15 v1.18 Key value parser (HO)
) (/usr/share/texlive/texmf-dist/tex/generic/kvdefinekeys/kvdefinekeys.sty
Package: kvdefinekeys 2019-12-19 v1.6 Define keys (HO)
) (/usr/share/texlive/texmf-dist/tex/generic/pdfescape/pdfescape.sty
Package: pdfescape 2019/12/09 v1.15 Implements pdfTeX's escape features (HO)
) (/usr/share/texlive/texmf-dist/tex/latex/hycolor/hycolor.sty
Package: hycolor 2020-01-27 v1.10 Color options for hyperref/bookmark (HO)
) (/usr/share/texlive/texmf-dist/tex/latex/letltxmacro/letltxmacro.sty
Package: letltxmacro 2019/12/03 v1.6 Let assignment for LaTeX macros (HO)
) (/usr/share/texlive/texmf-dist/tex/latex/auxhook/auxhook.sty
Package: auxhook 2019-12-17 v1.6 Hooks for auxiliary files (HO)
) (/usr/share/texlive/texmf-dist/tex/latex/kvoptions/kvoptions.sty
Package: kvoptions 2020-10-07 v3.14 Key value format for package options (HO)
)
\@linkdim=\dimen179
\Hy@linkcounter=\count295
\Hy@pagecounter=\count296
 (/usr/share/texlive/texmf-dist/tex/latex/hyperref/pd1enc.def
File: pd1enc.def 2021-06-07 v7.00m Hyperref: PDFDocEncoding definition (HO)
Now handling font encoding PD1 ...
... no UTF-8 mapping file for font encoding PD1
) (/usr/share/texlive/texmf-dist/tex/latex/hyperref/hyperref-langpatches.def
File: hyperref-langpatches.def 2021-06-07 v7.00m Hyperref: patches for babel languages
) (/usr/share/texlive/texmf-dist/tex/generic/intcalc/intcalc.sty
Package: intcalc 2019/12/15 v1.3 Expandable calculations with integers (HO)
) (/usr/share/texlive/texmf-dist/tex/generic/etexcmds/etexcmds.sty
Package: etexcmds 2019/12/15 v1.7 Avoid name clashes with e-TeX commands (HO)
)
\Hy@SavedSpaceFactor=\count297
 (/usr/share/texlive/texmf-dist/tex/latex/hyperref/puenc.def
File: puenc.def 2021-06-07 v7.00m Hyperref: PDF Unicode definition (HO)
Now handling font encoding PU ...
... no UTF-8 mapping file for font encoding PU
)
Package hyperref Info: Hyper figures OFF on input line 4192.
Package hyperref Info: Link nesting OFF on input line 4197.
Package hyperref Info: Hyper index ON on input line 4200.
Package hyperref Info: Plain pages OFF on input line 4207.
Package hyperref Info: Backreferencing OFF on input line 4212.
Package hyperref Info: Implicit mode ON; LaTeX internals redefined.
Package hyperref Info: Bookmarks ON on input line 4445.
\c@Hy@tempcnt=\count298
LaTeX Info: Redefining \url on input line 4804.
\XeTeXLinkMargin=\dimen180
 (/usr/share/texlive/texmf-dist/tex/generic/bitset/bitset.sty
Package: bitset 2019/12/09 v1.3 Handle bit-vector datatype (HO)
 (/usr/share/texlive/texmf-dist/tex/generic/bigintcalc/bigintcalc.sty
Package: bigintcalc 2019/12/15 v1.5 Expandable calculations on big integers (HO)
))
\Fld@menulength=\count299
\Field@Width=\dimen181
\Fld@charsize=\dimen182
Package hyperref Info: Hyper figures OFF on input line 6076.
Package hyperref Info: Link nesting OFF on input line 6081.
Package hyperref Info: Hyper index ON on input line 6084.
Package hyperref Info: backreferencing OFF on input line 6091.
Package hyperref Info: Link coloring OFF on input line 6096.
Package hyperref Info: Link coloring with OCG OFF on input line 6101.
Package hyperref Info: PDF/A mode OFF on input line 6106.
LaTeX Info: Redefining \ref on input line 6146.
LaTeX Info: Redefining \pageref on input line 6150.
 (/usr/share/texlive/texmf-dist/tex/latex/base/atbegshi-ltx.sty
Package: atbegshi-ltx 2021/01/10 v1.0c Emulation of the original atbegshi
package with kernel methods
)
\Hy@abspage=\count300
\c@Item=\count301
\c@Hfootnote=\count302
)
Package hyperref Info: Driver (autodetected): hpdftex.
 (/usr/share/texlive/texmf-dist/tex/latex/hyperref/hpdftex.def
File: hpdftex.def 2021-06-07 v7.00m Hyperref driver for pdfTeX
 (/usr/share/texlive/texmf-dist/tex/latex/base/atveryend-ltx.sty
Package: atveryend-ltx 2020/08/19 v1.0a Emulation of the original atveryend package
with kernel methods
)
\Fld@listcount=\count303
\c@bookmark@seq@number=\count304
 (/usr/share/texlive/texmf-dist/tex/latex/rerunfilecheck/rerunfilecheck.sty
Package: rerunfilecheck 2019/12/05 v1.9 Rerun checks for auxiliary files (HO)
 (/usr/share/texlive/texmf-dist/tex/generic/uniquecounter/uniquecounter.sty
Package: uniquecounter 2019/12/15 v1.4 Provide unlimited unique counter (HO)
)
Package uniquecounter Info: New unique counter `rerunfilecheck' on input line 286.
)
\Hy@SectionHShift=\skip77
) (/usr/share/texlive/texmf-dist/tex/latex/geometry/geometry.sty
Package: geometry 2020/01/02 v5.9 Page Geometry
 (/usr/share/texlive/texmf-dist/tex/generic/iftex/ifvtex.sty
Package: ifvtex 2019/10/25 v1.7 ifvtex legacy package. Use iftex instead.
)
\Gm@cnth=\count305
\Gm@cntv=\count306
\c@Gm@tempcnt=\count307
\Gm@bindingoffset=\dimen183
\Gm@wd@mp=\dimen184
\Gm@odd@mp=\dimen185
\Gm@even@mp=\dimen186
\Gm@layoutwidth=\dimen187
\Gm@layoutheight=\dimen188
\Gm@layouthoffset=\dimen189
\Gm@layoutvoffset=\dimen190
\Gm@dimlist=\toks29
) (/usr/share/texlive/texmf-dist/tex/latex/titlesec/titlesec.sty
Package: titlesec 2021/07/05 v2.14 Sectioning titles
\ttl@box=\box66
\beforetitleunit=\skip78
\aftertitleunit=\skip79
\ttl@plus=\dimen191
\ttl@minus=\dimen192
\ttl@toksa=\toks30
\titlewidth=\dimen193
\titlewidthlast=\dimen194
\titlewidthfirst=\dimen195
)) (/usr/share/texlive/texmf-dist/tex/latex/lipsum/lipsum.sty
Package: lipsum 2021-09-20 v2.7 150 paragraphs of Lorem Ipsum dummy text
\g__lipsum_par_int=\count308
\l__lipsum_a_int=\count309
\l__lipsum_b_int=\count310
 (/usr/share/texlive/texmf-dist/tex/latex/lipsum/lipsum.ltd.tex)) (/usr/share/texlive/texmf-dist/tex/latex/amsfonts/amsfonts.sty
Package: amsfonts 2013/01/14 v3.01 Basic AMSFonts support
\symAMSa=\mathgroup4
\symAMSb=\mathgroup5
LaTeX Font Info:    Redeclaring math symbol \hbar on input line 98.
LaTeX Font Info:    Overwriting math alphabet `\mathfrak' in version `bold'
(Font)                  U/euf/m/n --> U/euf/b/n on input line 106.
) (/usr/share/texlive/texmf-dist/tex/latex/stmaryrd/stmaryrd.sty
Package: stmaryrd 1994/03/03 St Mary's Road symbol package
\symstmry=\mathgroup6
LaTeX Font Info:    Overwriting symbol font `stmry' in version `bold'
(Font)                  U/stmry/m/n --> U/stmry/b/n on input line 89.
) (/usr/share/texlive/texmf-dist/tex/latex/amscls/amsthm.sty
Package: amsthm 2020/05/29 v2.20.6
\thm@style=\toks31
\thm@bodyfont=\toks32
\thm@headfont=\toks33
\thm@notefont=\toks34
\thm@headpunct=\toks35
\thm@preskip=\skip80
\thm@postskip=\skip81
\thm@headsep=\skip82
\dth@everypar=\toks36
) (/usr/share/texlive/texmf-dist/tex/latex/algorithms/algorithm.sty
Package: algorithm 2009/08/24 v0.1 Document Style `algorithm' - floating environment
\@float@every@algorithm=\toks37
\c@algorithm=\count311
) (/usr/share/texlive/texmf-dist/tex/latex/algorithms/algorithmic.sty
Package: algorithmic 2009/08/24 v0.1 Document Style `algorithmic'
\c@ALC@unique=\count312
\c@ALC@line=\count313
\c@ALC@rem=\count314
\c@ALC@depth=\count315
\ALC@tlm=\skip83
\algorithmicindent=\skip84
)
\myindent=\skip85
 (./Tsunami_report.aux

LaTeX Warning: Label `sec:Contexte' multiply defined.


LaTeX Warning: Label `sec:Contribution' multiply defined.


LaTeX Warning: Label `fig:sub1' multiply defined.


LaTeX Warning: Label `sub@fig:sub1' multiply defined.


LaTeX Warning: Label `fig:sub2' multiply defined.


LaTeX Warning: Label `sub@fig:sub2' multiply defined.


LaTeX Warning: Label `fig:sub3' multiply defined.


LaTeX Warning: Label `sub@fig:sub3' multiply defined.


LaTeX Warning: Label `fig:sub4' multiply defined.


LaTeX Warning: Label `sub@fig:sub4' multiply defined.


LaTeX Warning: Label `fig:test' multiply defined.


LaTeX Warning: Label `fig:sub1' multiply defined.


LaTeX Warning: Label `sub@fig:sub1' multiply defined.


LaTeX Warning: Label `fig:sub2' multiply defined.


LaTeX Warning: Label `sub@fig:sub2' multiply defined.


LaTeX Warning: Label `fig:sub3' multiply defined.


LaTeX Warning: Label `sub@fig:sub3' multiply defined.


LaTeX Warning: Label `fig:sub4' multiply defined.


LaTeX Warning: Label `sub@fig:sub4' multiply defined.


LaTeX Warning: Label `fig:test' multiply defined.


LaTeX Warning: Label `fig:sub1' multiply defined.


LaTeX Warning: Label `sub@fig:sub1' multiply defined.


LaTeX Warning: Label `fig:sub2' multiply defined.


LaTeX Warning: Label `sub@fig:sub2' multiply defined.


LaTeX Warning: Label `fig:sub3' multiply defined.


LaTeX Warning: Label `sub@fig:sub3' multiply defined.


LaTeX Warning: Label `fig:sub4' multiply defined.


LaTeX Warning: Label `sub@fig:sub4' multiply defined.


LaTeX Warning: Label `fig:test' multiply defined.


LaTeX Warning: Label `fig:sub1' multiply defined.


LaTeX Warning: Label `sub@fig:sub1' multiply defined.


LaTeX Warning: Label `fig:sub2' multiply defined.


LaTeX Warning: Label `sub@fig:sub2' multiply defined.


LaTeX Warning: Label `fig:sub3' multiply defined.


LaTeX Warning: Label `sub@fig:sub3' multiply defined.


LaTeX Warning: Label `fig:sub4' multiply defined.


LaTeX Warning: Label `sub@fig:sub4' multiply defined.


LaTeX Warning: Label `fig:test' multiply defined.


LaTeX Warning: Label `fig:sub1' multiply defined.


LaTeX Warning: Label `sub@fig:sub1' multiply defined.


LaTeX Warning: Label `fig:sub2' multiply defined.


LaTeX Warning: Label `sub@fig:sub2' multiply defined.


LaTeX Warning: Label `fig:sub3' multiply defined.


LaTeX Warning: Label `sub@fig:sub3' multiply defined.


LaTeX Warning: Label `fig:test' multiply defined.


LaTeX Warning: Label `fig:sub1' multiply defined.


LaTeX Warning: Label `sub@fig:sub1' multiply defined.


LaTeX Warning: Label `fig:sub2' multiply defined.


LaTeX Warning: Label `sub@fig:sub2' multiply defined.


LaTeX Warning: Label `fig:test' multiply defined.

)
\openout1 = `Tsunami_report.aux'.

LaTeX Font Info:    Checking defaults for OML/cmm/m/it on input line 26.
LaTeX Font Info:    ... okay on input line 26.
LaTeX Font Info:    Checking defaults for OMS/cmsy/m/n on input line 26.
LaTeX Font Info:    ... okay on input line 26.
LaTeX Font Info:    Checking defaults for OT1/cmr/m/n on input line 26.
LaTeX Font Info:    ... okay on input line 26.
LaTeX Font Info:    Checking defaults for T1/cmr/m/n on input line 26.
LaTeX Font Info:    ... okay on input line 26.
LaTeX Font Info:    Checking defaults for TS1/cmr/m/n on input line 26.
LaTeX Font Info:    ... okay on input line 26.
LaTeX Font Info:    Checking defaults for OMX/cmex/m/n on input line 26.
LaTeX Font Info:    ... okay on input line 26.
LaTeX Font Info:    Checking defaults for U/cmr/m/n on input line 26.
LaTeX Font Info:    ... okay on input line 26.
LaTeX Font Info:    Checking defaults for PD1/pdf/m/n on input line 26.
LaTeX Font Info:    ... okay on input line 26.
LaTeX Font Info:    Checking defaults for PU/pdf/m/n on input line 26.
LaTeX Font Info:    ... okay on input line 26.
 (/usr/share/texlive/texmf-dist/tex/latex/translations/translations-basic-dictionary-english.trsl
File: translations-basic-dictionary-english.trsl (english translation file `translations-basic-dictionary')
)
Package translations Info: loading dictionary `translations-basic-dictionary' for `english'. on input line 26.
 (/usr/share/texlive/texmf-dist/tex/context/base/mkii/supp-pdf.mkii
[Loading MPS to PDF converter (version 2006.09.02).]
\scratchcounter=\count316
\scratchdimen=\dimen196
\scratchbox=\box67
\nofMPsegments=\count317
\nofMParguments=\count318
\everyMPshowfont=\toks38
\MPscratchCnt=\count319
\MPscratchDim=\dimen197
\MPnumerator=\count320
\makeMPintoPDFobject=\count321
\everyMPtoPDFconversion=\toks39
) (/usr/share/texlive/texmf-dist/tex/latex/epstopdf-pkg/epstopdf-base.sty
Package: epstopdf-base 2020-01-24 v2.11 Base part for package epstopdf
Package epstopdf-base Info: Redefining graphics rule for `.eps' on input line 485.
 (/usr/share/texlive/texmf-dist/tex/latex/latexconfig/epstopdf-sys.cfg
File: epstopdf-sys.cfg 2010/07/13 v1.3 Configuration of (r)epstopdf for TeX Live
))
Package caption Info: Begin \AtBeginDocument code.
Package caption Info: hyperref package is loaded.
Package caption Info: End \AtBeginDocument code.
Package hyperref Info: Link coloring OFF on input line 26.
 (/usr/share/texlive/texmf-dist/tex/latex/hyperref/nameref.sty
Package: nameref 2021-04-02 v2.47 Cross-referencing by name of section
 (/usr/share/texlive/texmf-dist/tex/latex/refcount/refcount.sty
Package: refcount 2019/12/15 v3.6 Data extraction from label references (HO)
) (/usr/share/texlive/texmf-dist/tex/generic/gettitlestring/gettitlestring.sty
Package: gettitlestring 2019/12/15 v1.6 Cleanup title references (HO)
)
\c@section@level=\count322
)
LaTeX Info: Redefining \ref on input line 26.
LaTeX Info: Redefining \pageref on input line 26.
LaTeX Info: Redefining \nameref on input line 26.
 (./Tsunami_report.out) (./Tsunami_report.out)
\@outlinefile=\write3
\openout3 = `Tsunami_report.out'.


*geometry* driver: auto-detecting
*geometry* detected driver: pdftex
*geometry* verbose mode - [ preamble ] result:
* driver: pdftex
* paper: <default>
* layout: <same size as paper>
* layoutoffset:(h,v)=(0.0pt,0.0pt)
* modes: 
* h-part:(L,W,R)=(42.67912pt, 512.14963pt, 42.67912pt)
* v-part:(T,H,B)=(28.45274pt, 728.3904pt, 88.2037pt)
* \paperwidth=597.50787pt
* \paperheight=845.04684pt
* \textwidth=512.14963pt
* \textheight=728.3904pt
* \oddsidemargin=-29.59087pt
* \evensidemargin=-29.59087pt
* \topmargin=-80.81725pt
* \headheight=12.0pt
* \headsep=25.0pt
* \topskip=12.0pt
* \footskip=30.0pt
* \marginparwidth=35.0pt
* \marginparsep=10.0pt
* \columnsep=10.0pt
* \skip\footins=10.8pt plus 4.0pt minus 2.0pt
* \hoffset=0.0pt
* \voffset=0.0pt
* \mag=1000
* \@twocolumnfalse
* \@twosidefalse
* \@mparswitchfalse
* \@reversemarginfalse
* (1in=72.27pt=25.4mm, 1cm=28.453pt)

\@nomenclaturefile=\write4
\openout4 = `Tsunami_report.nlo'.

Package nomencl Info: Writing nomenclature file Tsunami_report.nlo on input line 47.
<logos/logo.jpg, id=213, 1087.06125pt x 318.18875pt>
File: logos/logo.jpg Graphic file (type jpg)
<use logos/logo.jpg>
Package pdftex.def Info: logos/logo.jpg  used on input line 48.
(pdftex.def)             Requested size: 384.11221pt x 112.431pt.
LaTeX Font Info:    Trying to load font information for U+msa on input line 48.
(/usr/share/texlive/texmf-dist/tex/latex/amsfonts/umsa.fd
File: umsa.fd 2013/01/14 v3.01 AMS symbols A
)
LaTeX Font Info:    Trying to load font information for U+msb on input line 48.
 (/usr/share/texlive/texmf-dist/tex/latex/amsfonts/umsb.fd
File: umsb.fd 2013/01/14 v3.01 AMS symbols B
)
LaTeX Font Info:    Trying to load font information for U+stmry on input line 48.
 (/usr/share/texlive/texmf-dist/tex/latex/stmaryrd/Ustmry.fd)
<logos/logoECS.png, id=214, 119.69719pt x 238.64156pt>
File: logos/logoECS.png Graphic file (type png)
<use logos/logoECS.png>
Package pdftex.def Info: logos/logoECS.png  used on input line 48.
(pdftex.def)             Requested size: 127.15784pt x 253.51596pt.
 [1

{/var/lib/texmf/fonts/map/pdftex/updmap/pdftex.map} <./logos/logoECS.png> <./logos/logo.jpg>] (./Tsunami_report.toc
<logos/logo_ECS.png, id=274, 1204.5pt x 624.3325pt>
File: logos/logo_ECS.png Graphic file (type png)
<use logos/logo_ECS.png>
Package pdftex.def Info: logos/logo_ECS.png  used on input line 57.
(pdftex.def)             Requested size: 60.22852pt x 31.21844pt.
pdfTeX warning (ext4): destination with the same identifier (name{page.1}) has been already used, duplicate ignored
<to be read again> 
                   \relax 
l.57 ...{\numberline {5}Simulation}{14}{chapter.5}
                                                  % [1

 <./logos/logo_ECS.png>])
\tf@toc=\write5
\openout5 = `Tsunami_report.toc'.

 [0] (./Introduction.tex
Chapter 1.

LaTeX Font Warning: Font shape `T1/cmr/bx/n' in size <18> not available
(Font)              size <17.28> substituted on input line 2.

) (./Chapitre2.tex
File: logos/logo_ECS.png Graphic file (type png)
<use logos/logo_ECS.png>
Package pdftex.def Info: logos/logo_ECS.png  used on input line 1.
(pdftex.def)             Requested size: 60.22852pt x 31.21844pt.
pdfTeX warning (ext4): destination with the same identifier (name{page.1}) has been already used, duplicate ignored
<to be read again> 
                   \relax 
l.1 \chapter
            {Concepts}\label{ch:2} [1

]
Chapter 2.

Underfull \hbox (badness 10000) in paragraph at lines 25--27

 []


Underfull \hbox (badness 10000) in paragraph at lines 28--30

 []

File: logos/logo_ECS.png Graphic file (type png)
<use logos/logo_ECS.png>
Package pdftex.def Info: logos/logo_ECS.png  used on input line 64.
(pdftex.def)             Requested size: 60.22852pt x 31.21844pt.
[2

]
File: logos/logo_ECS.png Graphic file (type png)
<use logos/logo_ECS.png>
Package pdftex.def Info: logos/logo_ECS.png  used on input line 118.
(pdftex.def)             Requested size: 60.22852pt x 31.21844pt.
 [3]
Underfull \hbox (badness 10000) in paragraph at lines 188--190

 []

File: logos/logo_ECS.png Graphic file (type png)
<use logos/logo_ECS.png>
Package pdftex.def Info: logos/logo_ECS.png  used on input line 190.
(pdftex.def)             Requested size: 60.22852pt x 31.21844pt.
[4]
Underfull \hbox (badness 10000) in paragraph at lines 199--201

 []


Underfull \hbox (badness 10000) in paragraph at lines 201--203

 []

) (./Chapitre3.tex
File: logos/logo_ECS.png Graphic file (type png)
<use logos/logo_ECS.png>
Package pdftex.def Info: logos/logo_ECS.png  used on input line 1.
(pdftex.def)             Requested size: 60.22852pt x 31.21844pt.
 [5]
Chapter 3.
<images/tuning_model.png, id=329, 1031.052pt x 320.397pt>
File: images/tuning_model.png Graphic file (type png)
<use images/tuning_model.png>
Package pdftex.def Info: images/tuning_model.png  used on input line 6.
(pdftex.def)             Requested size: 369.88837pt x 113.8126pt.
LaTeX Font Info:    Trying to load font information for T1+cmtt on input line 11.
(/usr/share/texlive/texmf-dist/tex/latex/base/t1cmtt.fd
File: t1cmtt.fd 2019/12/16 v2.5j Standard LaTeX font definitions
)
Overfull \hbox (1.05421pt too wide) in paragraph at lines 15--16
[]\T1/cmtt/m/n/12 grid_length\T1/cmr/m/n/12 : in-te-ger set-ting the num-ber of points in the do-main to \T1/cmtt/m/n/12 grid_length\T1/cmr/m/n/12 x\T1/cmtt/m/n/12 grid_length 
 []

File: logos/logo_ECS.png Graphic file (type png)
<use logos/logo_ECS.png>
Package pdftex.def Info: logos/logo_ECS.png  used on input line 30.
(pdftex.def)             Requested size: 60.22852pt x 31.21844pt.
[6

 <./images/tuning_model.PNG>]
File: logos/logo_ECS.png Graphic file (type png)
<use logos/logo_ECS.png>
Package pdftex.def Info: logos/logo_ECS.png  used on input line 50.
(pdftex.def)             Requested size: 60.22852pt x 31.21844pt.
 [7]
<images/NN_Jax_PDE8_files_tanh/NN_Jax_PDE8_18_1.png, id=349, 403.5075pt x 285.065pt>
File: images/NN_Jax_PDE8_files_tanh/NN_Jax_PDE8_18_1.png Graphic file (type png)
<use images/NN_Jax_PDE8_files_tanh/NN_Jax_PDE8_18_1.png>
Package pdftex.def Info: images/NN_Jax_PDE8_files_tanh/NN_Jax_PDE8_18_1.png  used on input line 77.
(pdftex.def)             Requested size: 184.3733pt x 130.25284pt.
<images/NN_Jax_PDE8_files_tanh/NN_Jax_PDE8_20_0.png, id=350, 356.33125pt x 264.99pt>
File: images/NN_Jax_PDE8_files_tanh/NN_Jax_PDE8_20_0.png Graphic file (type png)
<use images/NN_Jax_PDE8_files_tanh/NN_Jax_PDE8_20_0.png>
Package pdftex.def Info: images/NN_Jax_PDE8_files_tanh/NN_Jax_PDE8_20_0.png  used on input line 83.
(pdftex.def)             Requested size: 184.3733pt x 137.11224pt.
<images/NN_Jax_PDE8_files_tanh/NN_Jax_PDE8_22_0.png, id=351, 356.33125pt x 264.99pt>
File: images/NN_Jax_PDE8_files_tanh/NN_Jax_PDE8_22_0.png Graphic file (type png)
<use images/NN_Jax_PDE8_files_tanh/NN_Jax_PDE8_22_0.png>
Package pdftex.def Info: images/NN_Jax_PDE8_files_tanh/NN_Jax_PDE8_22_0.png  used on input line 90.
(pdftex.def)             Requested size: 184.3733pt x 137.11224pt.
<images/NN_Jax_PDE8_files_tanh/NN_Jax_PDE8_24_0.png, id=352, 356.33125pt x 264.99pt>
File: images/NN_Jax_PDE8_files_tanh/NN_Jax_PDE8_24_0.png Graphic file (type png)
<use images/NN_Jax_PDE8_files_tanh/NN_Jax_PDE8_24_0.png>
Package pdftex.def Info: images/NN_Jax_PDE8_files_tanh/NN_Jax_PDE8_24_0.png  used on input line 96.
(pdftex.def)             Requested size: 184.3733pt x 137.11224pt.
File: logos/logo_ECS.png Graphic file (type png)
<use logos/logo_ECS.png>
Package pdftex.def Info: logos/logo_ECS.png  used on input line 104.
(pdftex.def)             Requested size: 60.22852pt x 31.21844pt.
 [8 <./images/NN_Jax_PDE8_files_tanh/NN_Jax_PDE8_18_1.png> <./images/NN_Jax_PDE8_files_tanh/NN_Jax_PDE8_20_0.png> <./images/NN_Jax_PDE8_files_tanh/NN_Jax_PDE8_22_0.png> <./images/NN_Jax_PDE8_files_tanh/NN_Jax_PDE8_24_0.png>]
<images/NN_Jax_PDE8_files_sigmoid/NN_Jax_PDE8_18_1.png, id=364, 403.5075pt x 285.065pt>
File: images/NN_Jax_PDE8_files_sigmoid/NN_Jax_PDE8_18_1.png Graphic file (type png)
<use images/NN_Jax_PDE8_files_sigmoid/NN_Jax_PDE8_18_1.png>
Package pdftex.def Info: images/NN_Jax_PDE8_files_sigmoid/NN_Jax_PDE8_18_1.png  used on input line 111.
(pdftex.def)             Requested size: 184.3733pt x 130.25284pt.
<images/NN_Jax_PDE8_files_sigmoid/NN_Jax_PDE8_20_0.png, id=365, 356.33125pt x 264.99pt>
File: images/NN_Jax_PDE8_files_sigmoid/NN_Jax_PDE8_20_0.png Graphic file (type png)
<use images/NN_Jax_PDE8_files_sigmoid/NN_Jax_PDE8_20_0.png>
Package pdftex.def Info: images/NN_Jax_PDE8_files_sigmoid/NN_Jax_PDE8_20_0.png  used on input line 117.
(pdftex.def)             Requested size: 184.3733pt x 137.11224pt.
<images/NN_Jax_PDE8_files_sigmoid/NN_Jax_PDE8_22_0.png, id=366, 356.33125pt x 264.99pt>
File: images/NN_Jax_PDE8_files_sigmoid/NN_Jax_PDE8_22_0.png Graphic file (type png)
<use images/NN_Jax_PDE8_files_sigmoid/NN_Jax_PDE8_22_0.png>
Package pdftex.def Info: images/NN_Jax_PDE8_files_sigmoid/NN_Jax_PDE8_22_0.png  used on input line 124.
(pdftex.def)             Requested size: 184.3733pt x 137.11224pt.
<images/NN_Jax_PDE8_files_sigmoid/NN_Jax_PDE8_24_0.png, id=367, 347.2975pt x 264.99pt>
File: images/NN_Jax_PDE8_files_sigmoid/NN_Jax_PDE8_24_0.png Graphic file (type png)
<use images/NN_Jax_PDE8_files_sigmoid/NN_Jax_PDE8_24_0.png>
Package pdftex.def Info: images/NN_Jax_PDE8_files_sigmoid/NN_Jax_PDE8_24_0.png  used on input line 130.
(pdftex.def)             Requested size: 184.3733pt x 140.68259pt.
<images/NN_Jax_PDE8_files_gelu/NN_Jax_PDE8_18_1.png, id=369, 403.5075pt x 285.065pt>
File: images/NN_Jax_PDE8_files_gelu/NN_Jax_PDE8_18_1.png Graphic file (type png)
<use images/NN_Jax_PDE8_files_gelu/NN_Jax_PDE8_18_1.png>
Package pdftex.def Info: images/NN_Jax_PDE8_files_gelu/NN_Jax_PDE8_18_1.png  used on input line 145.
(pdftex.def)             Requested size: 184.3733pt x 130.25284pt.
<images/NN_Jax_PDE8_files_gelu/NN_Jax_PDE8_20_0.png, id=370, 356.33125pt x 264.99pt>
File: images/NN_Jax_PDE8_files_gelu/NN_Jax_PDE8_20_0.png Graphic file (type png)
<use images/NN_Jax_PDE8_files_gelu/NN_Jax_PDE8_20_0.png>
Package pdftex.def Info: images/NN_Jax_PDE8_files_gelu/NN_Jax_PDE8_20_0.png  used on input line 151.
(pdftex.def)             Requested size: 184.3733pt x 137.11224pt.
<images/NN_Jax_PDE8_files_gelu/NN_Jax_PDE8_22_0.png, id=371, 356.33125pt x 264.99pt>
File: images/NN_Jax_PDE8_files_gelu/NN_Jax_PDE8_22_0.png Graphic file (type png)
<use images/NN_Jax_PDE8_files_gelu/NN_Jax_PDE8_22_0.png>
Package pdftex.def Info: images/NN_Jax_PDE8_files_gelu/NN_Jax_PDE8_22_0.png  used on input line 158.
(pdftex.def)             Requested size: 184.3733pt x 137.11224pt.
<images/NN_Jax_PDE8_files_gelu/NN_Jax_PDE8_24_0.png, id=372, 356.33125pt x 264.99pt>
File: images/NN_Jax_PDE8_files_gelu/NN_Jax_PDE8_24_0.png Graphic file (type png)
<use images/NN_Jax_PDE8_files_gelu/NN_Jax_PDE8_24_0.png>
Package pdftex.def Info: images/NN_Jax_PDE8_files_gelu/NN_Jax_PDE8_24_0.png  used on input line 164.
(pdftex.def)             Requested size: 184.3733pt x 137.11224pt.
File: logos/logo_ECS.png Graphic file (type png)
<use logos/logo_ECS.png>
Package pdftex.def Info: logos/logo_ECS.png  used on input line 172.
(pdftex.def)             Requested size: 60.22852pt x 31.21844pt.
 [9 <./images/NN_Jax_PDE8_files_sigmoid/NN_Jax_PDE8_18_1.png> <./images/NN_Jax_PDE8_files_sigmoid/NN_Jax_PDE8_20_0.png> <./images/NN_Jax_PDE8_files_sigmoid/NN_Jax_PDE8_22_0.png> <./images/NN_Jax_PDE8_files_sigmoid/NN_Jax_PDE8_24_0.png> <./images/NN_Jax_PDE8_files_gelu/NN_Jax_PDE8_18_1.png> <./images/NN_Jax_PDE8_files_gelu/NN_Jax_PDE8_20_0.png> <./images/NN_Jax_PDE8_files_gelu/NN_Jax_PDE8_22_0.png> <./images/NN_Jax_PDE8_files_gelu/NN_Jax_PDE8_24_0.png>]
<images/NN_Jax_PDE8_files_elu/NN_Jax_PDE8_18_1.png, id=388, 403.5075pt x 285.065pt>
File: images/NN_Jax_PDE8_files_elu/NN_Jax_PDE8_18_1.png Graphic file (type png)
<use images/NN_Jax_PDE8_files_elu/NN_Jax_PDE8_18_1.png>
Package pdftex.def Info: images/NN_Jax_PDE8_files_elu/NN_Jax_PDE8_18_1.png  used on input line 180.
(pdftex.def)             Requested size: 184.3733pt x 130.25284pt.
<images/NN_Jax_PDE8_files_elu/NN_Jax_PDE8_20_0.png, id=389, 356.33125pt x 264.99pt>
File: images/NN_Jax_PDE8_files_elu/NN_Jax_PDE8_20_0.png Graphic file (type png)
<use images/NN_Jax_PDE8_files_elu/NN_Jax_PDE8_20_0.png>
Package pdftex.def Info: images/NN_Jax_PDE8_files_elu/NN_Jax_PDE8_20_0.png  used on input line 186.
(pdftex.def)             Requested size: 184.3733pt x 137.11224pt.
<images/NN_Jax_PDE8_files_elu/NN_Jax_PDE8_22_0.png, id=390, 356.33125pt x 264.99pt>
File: images/NN_Jax_PDE8_files_elu/NN_Jax_PDE8_22_0.png Graphic file (type png)
<use images/NN_Jax_PDE8_files_elu/NN_Jax_PDE8_22_0.png>
Package pdftex.def Info: images/NN_Jax_PDE8_files_elu/NN_Jax_PDE8_22_0.png  used on input line 193.
(pdftex.def)             Requested size: 184.3733pt x 137.11224pt.
<images/NN_Jax_PDE8_files_elu/NN_Jax_PDE8_24_0.png, id=391, 381.425pt x 264.99pt>
File: images/NN_Jax_PDE8_files_elu/NN_Jax_PDE8_24_0.png Graphic file (type png)
<use images/NN_Jax_PDE8_files_elu/NN_Jax_PDE8_24_0.png>
Package pdftex.def Info: images/NN_Jax_PDE8_files_elu/NN_Jax_PDE8_24_0.png  used on input line 199.
(pdftex.def)             Requested size: 184.3733pt x 128.09138pt.
<images/NN_Jax_PDE8_files_relu/NN_Jax_PDE8_18_1.png, id=393, 395.4775pt x 285.065pt>
File: images/NN_Jax_PDE8_files_relu/NN_Jax_PDE8_18_1.png Graphic file (type png)
<use images/NN_Jax_PDE8_files_relu/NN_Jax_PDE8_18_1.png>
Package pdftex.def Info: images/NN_Jax_PDE8_files_relu/NN_Jax_PDE8_18_1.png  used on input line 214.
(pdftex.def)             Requested size: 184.3733pt x 132.89748pt.
<images/NN_Jax_PDE8_files_relu/NN_Jax_PDE8_20_0.png, id=394, 356.33125pt x 264.99pt>
File: images/NN_Jax_PDE8_files_relu/NN_Jax_PDE8_20_0.png Graphic file (type png)
<use images/NN_Jax_PDE8_files_relu/NN_Jax_PDE8_20_0.png>
Package pdftex.def Info: images/NN_Jax_PDE8_files_relu/NN_Jax_PDE8_20_0.png  used on input line 220.
(pdftex.def)             Requested size: 184.3733pt x 137.11224pt.
<images/NN_Jax_PDE8_files_relu/NN_Jax_PDE8_22_0.png, id=395, 356.33125pt x 264.99pt>
File: images/NN_Jax_PDE8_files_relu/NN_Jax_PDE8_22_0.png Graphic file (type png)
<use images/NN_Jax_PDE8_files_relu/NN_Jax_PDE8_22_0.png>
Package pdftex.def Info: images/NN_Jax_PDE8_files_relu/NN_Jax_PDE8_22_0.png  used on input line 227.
(pdftex.def)             Requested size: 184.3733pt x 137.11224pt.
<images/NN_Jax_PDE8_files_relu/NN_Jax_PDE8_24_0.png, id=396, 362.35374pt x 264.99pt>
File: images/NN_Jax_PDE8_files_relu/NN_Jax_PDE8_24_0.png Graphic file (type png)
<use images/NN_Jax_PDE8_files_relu/NN_Jax_PDE8_24_0.png>
Package pdftex.def Info: images/NN_Jax_PDE8_files_relu/NN_Jax_PDE8_24_0.png  used on input line 233.
(pdftex.def)             Requested size: 184.3733pt x 134.8358pt.
File: logos/logo_ECS.png Graphic file (type png)
<use logos/logo_ECS.png>
Package pdftex.def Info: logos/logo_ECS.png  used on input line 245.
(pdftex.def)             Requested size: 60.22852pt x 31.21844pt.
 [10 <./images/NN_Jax_PDE8_files_elu/NN_Jax_PDE8_18_1.png> <./images/NN_Jax_PDE8_files_elu/NN_Jax_PDE8_20_0.png> <./images/NN_Jax_PDE8_files_elu/NN_Jax_PDE8_22_0.png> <./images/NN_Jax_PDE8_files_elu/NN_Jax_PDE8_24_0.png> <./images/NN_Jax_PDE8_files_relu/NN_Jax_PDE8_18_1.png> <./images/NN_Jax_PDE8_files_relu/NN_Jax_PDE8_20_0.png> <./images/NN_Jax_PDE8_files_relu/NN_Jax_PDE8_22_0.png> <./images/NN_Jax_PDE8_files_relu/NN_Jax_PDE8_24_0.png>]) (./Chapitre4.tex
File: logos/logo_ECS.png Graphic file (type png)
<use logos/logo_ECS.png>
Package pdftex.def Info: logos/logo_ECS.png  used on input line 1.
(pdftex.def)             Requested size: 60.22852pt x 31.21844pt.
 [11]
Chapter 4.
<images/Mesh/Mar_data.png, id=418, 433.62pt x 289.08pt>
File: images/Mesh/Mar_data.png Graphic file (type png)
<use images/Mesh/Mar_data.png>
Package pdftex.def Info: images/Mesh/Mar_data.png  used on input line 11.
(pdftex.def)             Requested size: 216.80946pt x 144.53964pt.
<images/Mesh/Topo_data.png, id=419, 433.62pt x 289.08pt>
File: images/Mesh/Topo_data.png Graphic file (type png)
<use images/Mesh/Topo_data.png>
Package pdftex.def Info: images/Mesh/Topo_data.png  used on input line 18.
(pdftex.def)             Requested size: 216.80946pt x 144.53964pt.
<images/Mesh/Topo_Mar_data.png, id=420, 433.62pt x 289.08pt>
File: images/Mesh/Topo_Mar_data.png Graphic file (type png)
<use images/Mesh/Topo_Mar_data.png>
Package pdftex.def Info: images/Mesh/Topo_Mar_data.png  used on input line 25.
(pdftex.def)             Requested size: 216.80946pt x 144.53964pt.

Overfull \hbox (67.58247pt too wide) in paragraph at lines 8--29
[]|  $[]$|  $[]$|  $[]$ 
 []

<images/Mesh/mesh_wireframe1.png, id=421, 523.9575pt x 421.575pt>
File: images/Mesh/mesh_wireframe1.png Graphic file (type png)
<use images/Mesh/mesh_wireframe1.png>
Package pdftex.def Info: images/Mesh/mesh_wireframe1.png  used on input line 40.
(pdftex.def)             Requested size: 179.25159pt x 144.22131pt.
<images/Mesh/mesh_wireframe.png, id=422, 7708.8pt x 4336.2pt>
File: images/Mesh/mesh_wireframe.png Graphic file (type png)
<use images/Mesh/mesh_wireframe.png>
Package pdftex.def Info: images/Mesh/mesh_wireframe.png  used on input line 46.
(pdftex.def)             Requested size: 245.83525pt x 138.21867pt.

Overfull \hbox (51.21808pt too wide) in paragraph at lines 38--50
[]$[]$$[]$ 
 []

File: logos/logo_ECS.png Graphic file (type png)
<use logos/logo_ECS.png>
Package pdftex.def Info: logos/logo_ECS.png  used on input line 76.
(pdftex.def)             Requested size: 60.22852pt x 31.21844pt.
[12

 <./images/Mesh/Mar_data.png> <./images/Mesh/Topo_data.png> <./images/Mesh/Topo_Mar_data.png> <./images/Mesh/mesh_wireframe1.png> <./images/Mesh/mesh_wireframe.png (PNG copy)>]) (./Chapitre5.tex
File: logos/logo_ECS.png Graphic file (type png)
<use logos/logo_ECS.png>
Package pdftex.def Info: logos/logo_ECS.png  used on input line 1.
(pdftex.def)             Requested size: 60.22852pt x 31.21844pt.
 [13]
Chapter 5.
) (./Chapitre6.tex
File: logos/logo_ECS.png Graphic file (type png)
<use logos/logo_ECS.png>
Package pdftex.def Info: logos/logo_ECS.png  used on input line 1.
(pdftex.def)             Requested size: 60.22852pt x 31.21844pt.
 [14

]
Chapter 6.
) (./Conclusion.tex
File: logos/logo_ECS.png Graphic file (type png)
<use logos/logo_ECS.png>
Package pdftex.def Info: logos/logo_ECS.png  used on input line 2.
(pdftex.def)             Requested size: 60.22852pt x 31.21844pt.
 [15

]
Chapter 7.
) (./Bibliographie.tex
File: logos/logo_ECS.png Graphic file (type png)
<use logos/logo_ECS.png>
Package pdftex.def Info: logos/logo_ECS.png  used on input line 1.
(pdftex.def)             Requested size: 60.22852pt x 31.21844pt.
 [16

])
No file Tsunami_report.bbl.
File: logos/logo_ECS.png Graphic file (type png)
<use logos/logo_ECS.png>
Package pdftex.def Info: logos/logo_ECS.png  used on input line 79.
(pdftex.def)             Requested size: 60.22852pt x 31.21844pt.
[17

] (./Tsunami_report.aux)

LaTeX Font Warning: Size substitutions with differences
(Font)              up to 0.72pt have occurred.


LaTeX Warning: There were multiply-defined labels.


Package rerunfilecheck Warning: File `Tsunami_report.out' has changed.
(rerunfilecheck)                Rerun to get outlines right
(rerunfilecheck)                or use package `bookmark'.

Package rerunfilecheck Info: Checksums for `Tsunami_report.out':
(rerunfilecheck)             Before: 335D82D8706835463C1A92665F257421;7282
(rerunfilecheck)             After:  7B62D88B3DEEDF2C9E41C228C414CDD7;7588.
 ) 
Here is how much of TeX's memory you used:
 19955 strings out of 478287
 380580 string characters out of 5849289
 795293 words of memory out of 5000000
 37715 multiletter control sequences out of 15000+600000
 489290 words of font info for 73 fonts, out of 8000000 for 9000
 1141 hyphenation exceptions out of 8191
 125i,17n,120p,438b,881s stack positions out of 5000i,500n,10000p,200000b,80000s
{/usr/share/texmf/fonts/enc/dvips/cm-super/cm-super-t1.enc}{/usr/share/texmf/fonts/enc/dvips/cm-super/cm-super-ts1.enc}</usr/share/texlive/texmf-dist/fonts/type1/public/amsfonts/cm/cmex10.pfb></usr/share/texlive/texmf-dist/fonts/type1/public/amsfonts/cm/cmmi12.pfb></usr/share/texlive/texmf-dist/fonts/type1/public/amsfonts/cm/cmmi8.pfb></usr/share/texlive/texmf-dist/fonts/type1/public/amsfonts/cm/cmr12.pfb></usr/share/texlive/texmf-dist/fonts/type1/public/amsfonts/cm/cmr6.pfb></usr/share/texlive/texmf-dist/fonts/type1/public/amsfonts/cm/cmr8.pfb></usr/share/texlive/texmf-dist/fonts/type1/public/amsfonts/cm/cmsy10.pfb></usr/share/texlive/texmf-dist/fonts/type1/public/amsfonts/cm/cmsy8.pfb></usr/share/texlive/texmf-dist/fonts/type1/public/amsfonts/symbols/msbm10.pfb></usr/share/texmf/fonts/type1/public/cm-super/sfbi1440.pfb></usr/share/texmf/fonts/type1/public/cm-super/sfbi2074.pfb></usr/share/texmf/fonts/type1/public/cm-super/sfbx1200.pfb></usr/share/texmf/fonts/type1/public/cm-super/sfbx1440.pfb></usr/share/texmf/fonts/type1/public/cm-super/sfbx1728.pfb></usr/share/texmf/fonts/type1/public/cm-super/sfbx2488.pfb></usr/share/texmf/fonts/type1/public/cm-super/sfcc1440.pfb></usr/share/texmf/fonts/type1/public/cm-super/sfcc1728.pfb></usr/share/texmf/fonts/type1/public/cm-super/sfcc2074.pfb></usr/share/texmf/fonts/type1/public/cm-super/sfrm1095.pfb></usr/share/texmf/fonts/type1/public/cm-super/sfrm1200.pfb></usr/share/texmf/fonts/type1/public/cm-super/sfrm1440.pfb></usr/share/texmf/fonts/type1/public/cm-super/sftt1200.pfb></usr/share/texlive/texmf-dist/fonts/type1/public/stmaryrd/stmary10.pfb></usr/share/texlive/texmf-dist/fonts/type1/public/stmaryrd/stmary8.pfb>
Output written on Tsunami_report.pdf (20 pages, 26245251 bytes).
PDF statistics:
 590 PDF objects out of 1000 (max. 8388607)
 458 compressed objects within 5 object streams
 96 named destinations out of 1000 (max. 500000)
 562 words of extra memory for PDF output out of 10000 (max. 10000000)

